{
  "numTotalTestSuites": 2,
  "numPassedTestSuites": 2,
  "numFailedTestSuites": 0,
  "numPendingTestSuites": 0,
  "numTotalTests": 1,
  "numPassedTests": 1,
  "numFailedTests": 0,
  "numPendingTests": 0,
  "numTodoTests": 0,
  "startTime": 1679583721864,
  "success": true,
  "testResults": [
    {
      "assertionResults": [
        {
          "ancestorTitles": [
            "",
            "App.vue"
          ],
          "fullName": " App.vue renders a title",
          "status": "passed",
          "title": "renders a title",
          "duration": 23,
          "failureMessages": []
        }
      ],
      "startTime": 1679583724032,
      "endTime": 1679583724055,
      "status": "passed",
      "message": "",
      "name": "/Users/farid/Projects/Training/ponyracer/src/__tests__/App.spec.ts"
    }
  ]
}